canu/1.7 has the useGrid option default set to useGrid=false. This can be overriden by another configuration file or a command-line option.
canu/1.7 has the useGrid option default set to useGrid=false. This can be overriden by another configuration file or a command-line option.
canu/1.7 has the useGrid option default set to useGrid=false. This can be overriden by another configuration file or a command-line option.
canu/1.7 has the useGrid option default set to useGrid=false. This can be overriden by another configuration file or a command-line option.
-- Canu 1.7
--
-- CITATIONS
--
-- Koren S, Walenz BP, Berlin K, Miller JR, Phillippy AM.
-- Canu: scalable and accurate long-read assembly via adaptive k-mer weighting and repeat separation.
-- Genome Res. 2017 May;27(5):722-736.
-- http://doi.org/10.1101/gr.215087.116
-- 
-- Read and contig alignments during correction, consensus and GFA building use:
--   Šošic M, Šikic M.
--   Edlib: a C/C ++ library for fast, exact sequence alignment using edit distance.
--   Bioinformatics. 2017 May 1;33(9):1394-1395.
--   http://doi.org/10.1093/bioinformatics/btw753
-- 
-- Overlaps are generated using:
--   Berlin K, et al.
--   Assembling large genomes with single-molecule sequencing and locality-sensitive hashing.
--   Nat Biotechnol. 2015 Jun;33(6):623-30.
--   http://doi.org/10.1038/nbt.3238
-- 
--   Myers EW, et al.
--   A Whole-Genome Assembly of Drosophila.
--   Science. 2000 Mar 24;287(5461):2196-204.
--   http://doi.org/10.1126/science.287.5461.2196
-- 
--   Li H.
--   Minimap and miniasm: fast mapping and de novo assembly for noisy long sequences.
--   Bioinformatics. 2016 Jul 15;32(14):2103-10.
--   http://doi.org/10.1093/bioinformatics/btw152
-- 
-- Corrected read consensus sequences are generated using an algorithm derived from FALCON-sense:
--   Chin CS, et al.
--   Phased diploid genome assembly with single-molecule real-time sequencing.
--   Nat Methods. 2016 Dec;13(12):1050-1054.
--   http://doi.org/10.1038/nmeth.4035
-- 
-- Contig consensus sequences are generated using an algorithm derived from pbdagcon:
--   Chin CS, et al.
--   Nonhybrid, finished microbial genome assemblies from long-read SMRT sequencing data.
--   Nat Methods. 2013 Jun;10(6):563-9
--   http://doi.org/10.1038/nmeth.2474
-- 
-- CONFIGURE CANU
--
-- Detected Java(TM) Runtime Environment '1.8.0_151' (from '/sw/comp/java/x86_64/sun_jdk1.8.0_151/bin/java').
-- Detected 20 CPUs and 125 gigabytes of memory.
-- Detected Slurm with 'sinfo' binary in /usr/bin/sinfo.
-- Grid engine disabled per useGrid=false option.
--
--                            (tag)Concurrency
--                     (tag)Threads          |
--            (tag)Memory         |          |
--        (tag)         |         |          |     total usage     algorithm
--        -------  ------  --------   --------  -----------------  -----------------------------
-- Local: meryl      8 GB    4 CPUs x   1 job      8 GB    4 CPUs  (k-mer counting)
-- Local: cormhap    6 GB   10 CPUs x   2 jobs    12 GB   20 CPUs  (overlap detection with mhap)
-- Local: obtovl     4 GB    5 CPUs x   4 jobs    16 GB   20 CPUs  (overlap detection)
-- Local: utgovl     4 GB    5 CPUs x   4 jobs    16 GB   20 CPUs  (overlap detection)
-- Local: ovb        4 GB    1 CPU  x  20 jobs    80 GB   20 CPUs  (overlap store bucketizer)
-- Local: ovs        8 GB    1 CPU  x  15 jobs   120 GB   15 CPUs  (overlap store sorting)
-- Local: red        4 GB    4 CPUs x   5 jobs    20 GB   20 CPUs  (read error detection)
-- Local: oea        4 GB    1 CPU  x  20 jobs    80 GB   20 CPUs  (overlap error adjustment)
-- Local: bat       16 GB    4 CPUs x   1 job     16 GB    4 CPUs  (contig construction)
-- Local: gfa        8 GB    4 CPUs x   1 job      8 GB    4 CPUs  (GFA alignment and processing)
--
-- Found PacBio uncorrected reads in the input files.
--
-- Generating assembly 'durian_pacbio' in '/pica/h1/emos8710/durian-analysis/analyses/canu'
--
-- Parameters:
--
--  genomeSize        22000000
--
--  Overlap Generation Limits:
--    corOvlErrorRate 0.2400 ( 24.00%)
--    obtOvlErrorRate 0.0450 (  4.50%)
--    utgOvlErrorRate 0.0450 (  4.50%)
--
--  Overlap Processing Limits:
--    corErrorRate    0.3000 ( 30.00%)
--    obtErrorRate    0.0450 (  4.50%)
--    utgErrorRate    0.0450 (  4.50%)
--    cnsErrorRate    0.0750 (  7.50%)
--
--
-- BEGIN CORRECTION
--
----------------------------------------
-- Starting command on Thu Apr 19 11:05:25 2018 with 1054.716 GB free disk space

    cd .
    /sw/apps/bioinfo/canu/1.7/rackham/Linux-amd64/bin/gatekeeperCreate \
      -minlength 1000 \
      -o ./durian_pacbio.gkpStore.BUILDING \
      ./durian_pacbio.gkpStore.gkp \
    > ./durian_pacbio.gkpStore.BUILDING.err 2>&1

-- Finished on Thu Apr 19 11:06:11 2018 (46 seconds) with 1054.204 GB free disk space
----------------------------------------
--
-- WARNING: gnuplot failed.
--
----------------------------------------
--
-- In gatekeeper store './durian_pacbio.gkpStore':
--   Found 266898 reads.
--   Found 2048960181 bases (93.13 times coverage).
--
--   Read length histogram (one '*' equals 326.22 reads):
--        0    999      0 
--     1000   1999  20662 ***************************************************************
--     2000   2999  21975 *******************************************************************
--     3000   3999  22734 *********************************************************************
--     4000   4999  22836 **********************************************************************
--     5000   5999  21791 ******************************************************************
--     6000   6999  21304 *****************************************************************
--     7000   7999  21571 ******************************************************************
--     8000   8999  21483 *****************************************************************
--     9000   9999  19901 *************************************************************
--    10000  10999  16955 ***************************************************
--    11000  11999  13225 ****************************************
--    12000  12999  10264 *******************************
--    13000  13999   7641 ***********************
--    14000  14999   5991 ******************
--    15000  15999   4529 *************
--    16000  16999   3487 **********
--    17000  17999   2717 ********
--    18000  18999   2053 ******
--    19000  19999   1505 ****
--    20000  20999   1133 ***
--    21000  21999    846 **
--    22000  22999    590 *
--    23000  23999    448 *
--    24000  24999    341 *
--    25000  25999    237 
--    26000  26999    174 
--    27000  27999    113 
--    28000  28999    123 
--    29000  29999     66 
--    30000  30999     52 
--    31000  31999     38 
--    32000  32999     34 
--    33000  33999     20 
--    34000  34999     15 
--    35000  35999     11 
--    36000  36999      3 
--    37000  37999      5 
--    38000  38999     14 
--    39000  39999      5 
--    40000  40999      1 
--    41000  41999      1 
--    42000  42999      2 
--    43000  43999      1 
--    44000  44999      0 
--    45000  45999      0 
--    46000  46999      1 
--
-- Running jobs.  First attempt out of 2.
----------------------------------------
-- Starting 'meryl' concurrent execution on Thu Apr 19 11:06:13 2018 with 1054.202 GB free disk space (1 processes; 1 concurrently)

    cd correction/0-mercounts
    ./meryl.sh 1 > ./meryl.000001.out 2>&1

-- Finished on Thu Apr 19 11:12:27 2018 (374 seconds) with 1051.529 GB free disk space
----------------------------------------
-- Meryl finished successfully.
--
-- WARNING: gnuplot failed.
--
----------------------------------------
--
-- WARNING: gnuplot failed.
--
----------------------------------------
--
--  16-mers                                                                                           Fraction
--    Occurrences   NumMers                                                                         Unique Total
--       1-     1 374928474 *******************************************************************--> 0.5701 0.1833
--       2-     2 122099988 ********************************************************************** 0.7557 0.3028
--       3-     4  81646754 **********************************************                         0.8369 0.3810
--       5-     7  36990517 *********************                                                  0.9060 0.4783
--       8-    11  19042028 **********                                                             0.9458 0.5656
--      12-    16  10196894 *****                                                                  0.9694 0.6432
--      17-    22   5089297 **                                                                     0.9824 0.7045
--      23-    29   2689548 *                                                                      0.9891 0.7481
--      30-    37   1531523                                                                        0.9928 0.7796
--      38-    46    910138                                                                        0.9949 0.8031
--      47-    56    577018                                                                        0.9962 0.8208
--      57-    67    401432                                                                        0.9971 0.8348
--      68-    79    305659                                                                        0.9976 0.8466
--      80-    92    242521                                                                        0.9981 0.8574
--      93-   106    192815                                                                        0.9985 0.8675
--     107-   121    152111                                                                        0.9987 0.8767
--     122-   137    119022                                                                        0.9990 0.8850
--     138-   154     94218                                                                        0.9992 0.8925
--     155-   172     74630                                                                        0.9993 0.8991
--     173-   191     59855                                                                        0.9994 0.9050
--     192-   211     48774                                                                        0.9995 0.9103
--     212-   232     40332                                                                        0.9996 0.9150
--     233-   254     32781                                                                        0.9996 0.9194
--     255-   277     26299                                                                        0.9997 0.9232
--     278-   301     20891                                                                        0.9997 0.9266
--     302-   326     16676                                                                        0.9997 0.9296
--     327-   352     13997                                                                        0.9998 0.9321
--     353-   379     11994                                                                        0.9998 0.9344
--     380-   407     10055                                                                        0.9998 0.9365
--     408-   436      8757                                                                        0.9998 0.9385
--     437-   466      7547                                                                        0.9998 0.9403
--     467-   497      6737                                                                        0.9999 0.9419
--     498-   529      6071                                                                        0.9999 0.9435
--     530-   562      5545                                                                        0.9999 0.9450
--     563-   596      5206                                                                        0.9999 0.9465
--     597-   631      4938                                                                        0.9999 0.9480
--     632-   667      4658                                                                        0.9999 0.9495
--     668-   704      4199                                                                        0.9999 0.9509
--     705-   742      3864                                                                        0.9999 0.9523
--     743-   781      3577                                                                        0.9999 0.9537
--     782-   821      3231                                                                        0.9999 0.9550
--
--     1062891 (max occurrences)
--  1670028237 (total mers, non-unique)
--   282750989 (distinct mers, non-unique)
--   374928474 (unique mers)
-- For mhap overlapping, set repeat k-mer threshold to 20449.
--
-- Found 2044956711 16-mers; 657679463 distinct and 374928474 unique.  Largest count 1062891.
--
-- OVERLAPPER (mhap) (correction)
--
-- Set corMhapSensitivity=low based on read coverage of 93.
--
-- PARAMETERS: hashes=256, minMatches=3, threshold=0.8
--
-- Given 6 GB, can fit 18000 reads per block.
-- For 16 blocks, set stride to 4 blocks.
-- Logging partitioning to 'correction/1-overlapper/partitioning.log'.
-- Configured 15 mhap precompute jobs.
-- Configured 33 mhap overlap jobs.
--
-- Running jobs.  First attempt out of 2.
----------------------------------------
-- Starting 'cormhap' concurrent execution on Thu Apr 19 11:13:01 2018 with 1054.198 GB free disk space (15 processes; 2 concurrently)

    cd correction/1-overlapper
    ./precompute.sh 1 > ./precompute.000001.out 2>&1
    ./precompute.sh 2 > ./precompute.000002.out 2>&1
    ./precompute.sh 3 > ./precompute.000003.out 2>&1
    ./precompute.sh 4 > ./precompute.000004.out 2>&1
    ./precompute.sh 5 > ./precompute.000005.out 2>&1
    ./precompute.sh 6 > ./precompute.000006.out 2>&1
    ./precompute.sh 7 > ./precompute.000007.out 2>&1
    ./precompute.sh 8 > ./precompute.000008.out 2>&1
    ./precompute.sh 9 > ./precompute.000009.out 2>&1
    ./precompute.sh 10 > ./precompute.000010.out 2>&1
    ./precompute.sh 11 > ./precompute.000011.out 2>&1
    ./precompute.sh 12 > ./precompute.000012.out 2>&1
    ./precompute.sh 13 > ./precompute.000013.out 2>&1
    ./precompute.sh 14 > ./precompute.000014.out 2>&1
    ./precompute.sh 15 > ./precompute.000015.out 2>&1

-- Finished on Thu Apr 19 13:22:01 2018 (7740 seconds) with 1049.69 GB free disk space
----------------------------------------
-- All 15 mhap precompute jobs finished successfully.
--
-- Running jobs.  First attempt out of 2.
----------------------------------------
-- Starting 'cormhap' concurrent execution on Thu Apr 19 13:22:01 2018 with 1049.69 GB free disk space (33 processes; 2 concurrently)

    cd correction/1-overlapper
    ./mhap.sh 1 > ./mhap.000001.out 2>&1
    ./mhap.sh 2 > ./mhap.000002.out 2>&1
    ./mhap.sh 3 > ./mhap.000003.out 2>&1
    ./mhap.sh 4 > ./mhap.000004.out 2>&1
    ./mhap.sh 5 > ./mhap.000005.out 2>&1
    ./mhap.sh 6 > ./mhap.000006.out 2>&1
    ./mhap.sh 7 > ./mhap.000007.out 2>&1
    ./mhap.sh 8 > ./mhap.000008.out 2>&1
    ./mhap.sh 9 > ./mhap.000009.out 2>&1
    ./mhap.sh 10 > ./mhap.000010.out 2>&1
    ./mhap.sh 11 > ./mhap.000011.out 2>&1
    ./mhap.sh 12 > ./mhap.000012.out 2>&1
    ./mhap.sh 13 > ./mhap.000013.out 2>&1
    ./mhap.sh 14 > ./mhap.000014.out 2>&1
    ./mhap.sh 15 > ./mhap.000015.out 2>&1
    ./mhap.sh 16 > ./mhap.000016.out 2>&1
    ./mhap.sh 17 > ./mhap.000017.out 2>&1
    ./mhap.sh 18 > ./mhap.000018.out 2>&1
    ./mhap.sh 19 > ./mhap.000019.out 2>&1
    ./mhap.sh 20 > ./mhap.000020.out 2>&1
    ./mhap.sh 21 > ./mhap.000021.out 2>&1
    ./mhap.sh 22 > ./mhap.000022.out 2>&1
    ./mhap.sh 23 > ./mhap.000023.out 2>&1
    ./mhap.sh 24 > ./mhap.000024.out 2>&1
    ./mhap.sh 25 > ./mhap.000025.out 2>&1
    ./mhap.sh 26 > ./mhap.000026.out 2>&1
    ./mhap.sh 27 > ./mhap.000027.out 2>&1
    ./mhap.sh 28 > ./mhap.000028.out 2>&1
    ./mhap.sh 29 > ./mhap.000029.out 2>&1
    ./mhap.sh 30 > ./mhap.000030.out 2>&1
    ./mhap.sh 31 > ./mhap.000031.out 2>&1
    ./mhap.sh 32 > ./mhap.000032.out 2>&1
    ./mhap.sh 33 > ./mhap.000033.out 2>&1

-- Finished on Thu Apr 19 14:22:10 2018 (3609 seconds) with 1047.184 GB free disk space
----------------------------------------
-- Found 33 mhap overlap output files.
----------------------------------------
-- Starting command on Thu Apr 19 14:22:11 2018 with 1047.184 GB free disk space

    cd correction
    /sw/apps/bioinfo/canu/1.7/rackham/Linux-amd64/bin/ovStoreBuild \
     -O ./durian_pacbio.ovlStore.BUILDING \
     -G ./durian_pacbio.gkpStore \
     -M 2-8 \
     -L ./1-overlapper/ovljob.files \
     > ./durian_pacbio.ovlStore.err 2>&1

-- Finished on Thu Apr 19 14:26:24 2018 (253 seconds) with 1041.896 GB free disk space
----------------------------------------
-- Checking store.
----------------------------------------
-- Starting command on Thu Apr 19 14:26:24 2018 with 1041.896 GB free disk space

    cd correction
    /sw/apps/bioinfo/canu/1.7/rackham/Linux-amd64/bin/ovStoreDump \
     -G ./durian_pacbio.gkpStore \
     -O ./durian_pacbio.ovlStore \
     -d -counts \
     > ./durian_pacbio.ovlStore/counts.dat 2> ./durian_pacbio.ovlStore/counts.err

-- Finished on Thu Apr 19 14:26:24 2018 (lickety-split) with 1041.893 GB free disk space
----------------------------------------
--
-- Overlap store 'correction/durian_pacbio.ovlStore' successfully constructed.
-- Found 282617336 overlaps for 248063 reads; 18835 reads have no overlaps.
--
--
-- Purged 38.205 GB in 186 overlap output files.
-- Set corMinCoverage=4 based on read coverage of 93.
-- Global filter scores will be estimated.
-- Computing correction layouts.
----------------------------------------
-- Starting command on Thu Apr 19 14:26:28 2018 with 1048.91 GB free disk space

    cd correction
    /sw/apps/bioinfo/canu/1.7/rackham/Linux-amd64/bin/generateCorrectionLayouts \
      -G ./durian_pacbio.gkpStore \
      -O ./durian_pacbio.ovlStore \
      -C ./durian_pacbio.corStore.WORKING \
      -ec 4 \
      -eC 80 \
    > ./durian_pacbio.corStore.err 2>&1
    

-- Finished on Thu Apr 19 14:26:47 2018 (19 seconds) with 1048.654 GB free disk space
----------------------------------------
-- Computing correction layouts.
----------------------------------------
-- Starting command on Thu Apr 19 14:26:47 2018 with 1048.654 GB free disk space

    cd correction/2-correction
    /sw/apps/bioinfo/canu/1.7/rackham/Linux-amd64/bin/filterCorrectionLayouts \
      -G  ../durian_pacbio.gkpStore \
      -C  ../durian_pacbio.corStore \
      -R  ./durian_pacbio.readsToCorrect.WORKING \
      -cc 4 \
      -cl 1000 \
      -g  22000000 \
      -c  40 \
    > ./durian_pacbio.readsToCorrect.err 2>&1
    

-- Finished on Thu Apr 19 14:26:49 2018 (2 seconds) with 1048.635 GB free disk space
----------------------------------------
--                             original      original
--                            raw reads     raw reads
--   category                w/overlaps  w/o/overlaps
--   -------------------- ------------- -------------
--   Number of Reads             232420         34478
--   Number of Bases         1805253532     109728326
--   Coverage                    82.057         4.988
--   Median                        7237             0
--   Mean                          7767          3182
--   N50                           9864          9099
--   Minimum                       1000             0
--   Maximum                      46229         39679
--   
--                                        --------corrected---------  ----------rescued----------
--                             evidence                     expected                     expected
--   category                     reads            raw     corrected            raw     corrected
--   -------------------- -------------  ------------- -------------  ------------- -------------
--   Number of Reads             226591          80526         80526           3316          3316
--   Number of Bases         1792821704      936379039     880003771       18639233      10094604
--   Coverage                    81.492         42.563        40.000          0.847         0.459
--   Median                        7405          10689         10062           4661          2716
--   Mean                          7912          11628         10928           5620          3044
--   N50                           9912          11699         10909           7660          3818
--   Minimum                       1000           7218          7216           1015          1001
--   Maximum                      46229          46229         36935          31050          7202
--   
--                        --------uncorrected--------
--                                           expected
--   category                       raw     corrected
--   -------------------- ------------- -------------
--   Number of Reads             183056        183056
--   Number of Bases          959963586     394359165
--   Coverage                    43.635        17.925
--   Median                        4718          1231
--   Mean                          5244          2154
--   N50                           7013          5089
--   Minimum                          0             0
--   Maximum                      42703          7216
--   
--   Maximum Memory           947644622
--
--                            (tag)Concurrency
--                     (tag)Threads          |
--            (tag)Memory         |          |
--        (tag)         |         |          |     total usage     algorithm
--        -------  ------  --------   --------  -----------------  -----------------------------
-- Local: cor        4 GB    4 CPUs x   5 jobs    20 GB   20 CPUs  (read correction)
--
-- Using overlaps no worse than 0.3 fraction error for correcting reads (from corErrorRate parameter).
--
-- Running jobs.  First attempt out of 2.
----------------------------------------
-- Starting 'cor' concurrent execution on Thu Apr 19 14:26:49 2018 with 1048.635 GB free disk space (54 processes; 5 concurrently)

    cd correction/2-correction
    ./correctReads.sh 1 > ./correctReads.000001.out 2>&1
    ./correctReads.sh 2 > ./correctReads.000002.out 2>&1
    ./correctReads.sh 3 > ./correctReads.000003.out 2>&1
    ./correctReads.sh 4 > ./correctReads.000004.out 2>&1
    ./correctReads.sh 5 > ./correctReads.000005.out 2>&1
    ./correctReads.sh 6 > ./correctReads.000006.out 2>&1
    ./correctReads.sh 7 > ./correctReads.000007.out 2>&1
    ./correctReads.sh 8 > ./correctReads.000008.out 2>&1
    ./correctReads.sh 9 > ./correctReads.000009.out 2>&1
    ./correctReads.sh 10 > ./correctReads.000010.out 2>&1
    ./correctReads.sh 11 > ./correctReads.000011.out 2>&1
    ./correctReads.sh 12 > ./correctReads.000012.out 2>&1
    ./correctReads.sh 13 > ./correctReads.000013.out 2>&1
    ./correctReads.sh 14 > ./correctReads.000014.out 2>&1
    ./correctReads.sh 15 > ./correctReads.000015.out 2>&1
    ./correctReads.sh 16 > ./correctReads.000016.out 2>&1
    ./correctReads.sh 17 > ./correctReads.000017.out 2>&1
    ./correctReads.sh 18 > ./correctReads.000018.out 2>&1
    ./correctReads.sh 19 > ./correctReads.000019.out 2>&1
    ./correctReads.sh 20 > ./correctReads.000020.out 2>&1
    ./correctReads.sh 21 > ./correctReads.000021.out 2>&1
    ./correctReads.sh 22 > ./correctReads.000022.out 2>&1
    ./correctReads.sh 23 > ./correctReads.000023.out 2>&1
    ./correctReads.sh 24 > ./correctReads.000024.out 2>&1
    ./correctReads.sh 25 > ./correctReads.000025.out 2>&1
    ./correctReads.sh 26 > ./correctReads.000026.out 2>&1
    ./correctReads.sh 27 > ./correctReads.000027.out 2>&1
    ./correctReads.sh 28 > ./correctReads.000028.out 2>&1
    ./correctReads.sh 29 > ./correctReads.000029.out 2>&1
    ./correctReads.sh 30 > ./correctReads.000030.out 2>&1
    ./correctReads.sh 31 > ./correctReads.000031.out 2>&1
    ./correctReads.sh 32 > ./correctReads.000032.out 2>&1
    ./correctReads.sh 33 > ./correctReads.000033.out 2>&1
    ./correctReads.sh 34 > ./correctReads.000034.out 2>&1
    ./correctReads.sh 35 > ./correctReads.000035.out 2>&1
    ./correctReads.sh 36 > ./correctReads.000036.out 2>&1
    ./correctReads.sh 37 > ./correctReads.000037.out 2>&1
