/sw/apps/bioinfo/quast/4.5.4/rackham/bin/quast.py -R /home/emos8710/durian-analysis/analyses/01_canu_pacbio_DNA/durian_pacbio.contigs.fasta -o /home/emos8710/durian-analysis/analyses/12_quast_corrected_DNA_uncorr_ref/ /home/emos8710/durian-analysis/analyses/10_pilon_corrected_DNA/corrected_DNA.fasta

Version: 4.5.4

System information:
  OS: Linux-3.10.0-693.21.1.el7.x86_64-x86_64-with-centos-7.4.1708-Core (linux_64)
  Python version: 2.7.6
  CPUs number: 20

Started: 2018-05-04 15:10:00

Logging to /home/emos8710/durian-analysis/analyses/12_quast_corrected_DNA_uncorr_ref/quast.log
NOTICE: Output directory already exists. Existing Nucmer alignments can be used
NOTICE: Maximum number of threads is set to 5 (use --threads option to set it manually)

CWD: /pica/h1/emos8710/durian-analysis/analyses
Main parameters: 
  Threads: 5, minimum contig length: 500, ambiguity: one, threshold for extensive misassembly size: 1000

Reference:
  /home/emos8710/durian-analysis/analyses/01_canu_pacbio_DNA/durian_pacbio.contigs.fasta ==> durian_pacbio.contigs

Contigs:
  Pre-processing...
  /home/emos8710/durian-analysis/analyses/10_pilon_corrected_DNA/corrected_DNA.fasta ==> corrected_DNA

2018-05-04 15:10:17
Running Basic statistics processor...
  Reference genome:
    durian_pacbio.contigs.fasta, length = 33643051, num fragments = 522, GC % = 31.13
WARNING:   Reference genome is fragmented. You may consider rerunning QUAST using --fragmented option. QUAST will try to detect misassemblies caused by the fragmentation and mark them fake (will be excluded from # misassemblies).
  Contig files: 
    corrected_DNA
  Calculating N50 and L50...
    corrected_DNA, N50 = 446274, L50 = 19, Total length = 33628515, GC % = 31.15, # N's per 100 kbp =  0.00
  Drawing Nx plot...
    saved to /home/emos8710/durian-analysis/analyses/12_quast_corrected_DNA_uncorr_ref/basic_stats/Nx_plot.pdf
  Drawing NGx plot...
    saved to /home/emos8710/durian-analysis/analyses/12_quast_corrected_DNA_uncorr_ref/basic_stats/NGx_plot.pdf
  Drawing cumulative plot...
    saved to /home/emos8710/durian-analysis/analyses/12_quast_corrected_DNA_uncorr_ref/basic_stats/cumulative_plot.pdf
  Drawing GC content plot...
    saved to /home/emos8710/durian-analysis/analyses/12_quast_corrected_DNA_uncorr_ref/basic_stats/GC_content_plot.pdf
  Drawing corrected_DNA GC content plot...
    saved to /home/emos8710/durian-analysis/analyses/12_quast_corrected_DNA_uncorr_ref/basic_stats/corrected_DNA_GC_content_plot.pdf
Done.

2018-05-04 15:10:25
Running Contig analyzer...
  corrected_DNA
  Logging to files /home/emos8710/durian-analysis/analyses/12_quast_corrected_DNA_uncorr_ref/contigs_reports/contigs_report_corrected_DNA.stdout and contigs_report_corrected_DNA.stderr...
  Aligning contigs to the reference
  /sw/apps/bioinfo/quast/4.5.4/rackham/lib/python2.7/site-packages/quast_libs/MUMmer/nucmer \
  -c 65 -l 65 --maxmatch -p /home/emos8710/durian-analysis/analyses/12_quast_corrected_DNA_uncorr_ref/contigs_reports/nucmer_output/corrected_DNA \
  --emem -t 5 /home/emos8710/durian-analysis/analyses/12_quast_corrected_DNA_uncorr_ref/quast_corrected_input/durian_pacbio.contigs.fasta \
  /home/emos8710/durian-analysis/analyses/12_quast_corrected_DNA_uncorr_ref/quast_corrected_input/corrected_DNA.fasta \
  >> /home/emos8710/durian-analysis/analyses/12_quast_corrected_DNA_uncorr_ref/contigs_reports/contigs_report_corrected_DNA.stdout \
  2>> /home/emos8710/durian-analysis/analyses/12_quast_corrected_DNA_uncorr_ref/contigs_reports/contigs_report_corrected_DNA.stderr
  /sw/apps/bioinfo/quast/4.5.4/rackham/lib/python2.7/site-packages/quast_libs/MUMmer/delta-filter \
  -i 95.0 -l 0 /home/emos8710/durian-analysis/analyses/12_quast_corrected_DNA_uncorr_ref/contigs_reports/nucmer_output/corrected_DNA.delta \
  > /home/emos8710/durian-analysis/analyses/12_quast_corrected_DNA_uncorr_ref/contigs_reports/nucmer_output/corrected_DNA.fdelta \
  2> /home/emos8710/durian-analysis/analyses/12_quast_corrected_DNA_uncorr_ref/contigs_reports/contigs_report_corrected_DNA.stderr
  /sw/apps/bioinfo/quast/4.5.4/rackham/lib/python2.7/site-packages/quast_libs/MUMmer/mummerplot \
  --html --layout -p /home/emos8710/durian-analysis/analyses/12_quast_corrected_DNA_uncorr_ref/contigs_reports/nucmer_output/corrected_DNA \
  /home/emos8710/durian-analysis/analyses/12_quast_corrected_DNA_uncorr_ref/contigs_reports/nucmer_output/corrected_DNA.delta \
  > /home/emos8710/durian-analysis/analyses/12_quast_corrected_DNA_uncorr_ref/contigs_reports/contigs_report_corrected_DNA.stdout \
  2> /home/emos8710/durian-analysis/analyses/12_quast_corrected_DNA_uncorr_ref/contigs_reports/contigs_report_corrected_DNA.stderr
  /sw/apps/bioinfo/quast/4.5.4/rackham/lib/python2.7/site-packages/quast_libs/gnuplot/src/gnuplot \
  /home/emos8710/durian-analysis/analyses/12_quast_corrected_DNA_uncorr_ref/contigs_reports/nucmer_output/corrected_DNA.gp \
  > /dev/null 2> /home/emos8710/durian-analysis/analyses/12_quast_corrected_DNA_uncorr_ref/contigs_reports/contigs_report_corrected_DNA.stderr
  MUMmer plot saved to /home/emos8710/durian-analysis/analyses/12_quast_corrected_DNA_uncorr_ref/contigs_reports/corrected_DNA_mummerplot.html
  /sw/apps/bioinfo/quast/4.5.4/rackham/lib/python2.7/site-packages/quast_libs/MUMmer/show-coords \
  /home/emos8710/durian-analysis/analyses/12_quast_corrected_DNA_uncorr_ref/contigs_reports/nucmer_output/corrected_DNA.delta \
  > /home/emos8710/durian-analysis/analyses/12_quast_corrected_DNA_uncorr_ref/contigs_reports/nucmer_output/corrected_DNA.coords_tmp \
  2> /home/emos8710/durian-analysis/analyses/12_quast_corrected_DNA_uncorr_ref/contigs_reports/contigs_report_corrected_DNA.stderr
  /sw/apps/bioinfo/quast/4.5.4/rackham/lib/python2.7/site-packages/quast_libs/MUMmer/show-snps \
  -S -T -H /home/emos8710/durian-analysis/analyses/12_quast_corrected_DNA_uncorr_ref/contigs_reports/nucmer_output/corrected_DNA.delta \
  < /home/emos8710/durian-analysis/analyses/12_quast_corrected_DNA_uncorr_ref/contigs_reports/nucmer_output/corrected_DNA.coords.headless \
  > /home/emos8710/durian-analysis/analyses/12_quast_corrected_DNA_uncorr_ref/contigs_reports/nucmer_output/corrected_DNA.all_snps \
  2> /home/emos8710/durian-analysis/analyses/12_quast_corrected_DNA_uncorr_ref/contigs_reports/contigs_report_corrected_DNA.stderr
  Analysis is finished.

  Gzipping /home/emos8710/durian-analysis/analyses/12_quast_corrected_DNA_uncorr_ref/contigs_reports/nucmer_output/corrected_DNA.all_snps to reduce disk space usage...
    saved to /home/emos8710/durian-analysis/analyses/12_quast_corrected_DNA_uncorr_ref/contigs_reports/nucmer_output/corrected_DNA.all_snps.gz
  Creating total report...
    saved to /home/emos8710/durian-analysis/analyses/12_quast_corrected_DNA_uncorr_ref/contigs_reports/misassemblies_report.txt, misassemblies_report.tsv, and misassemblies_report.tex
  Transposed version of total report...
    saved to /home/emos8710/durian-analysis/analyses/12_quast_corrected_DNA_uncorr_ref/contigs_reports/transposed_report_misassemblies.txt, transposed_report_misassemblies.tsv, and transposed_report_misassemblies.tex
  Creating total report...
    saved to /home/emos8710/durian-analysis/analyses/12_quast_corrected_DNA_uncorr_ref/contigs_reports/unaligned_report.txt, unaligned_report.tsv, and unaligned_report.tex
  Drawing misassemblies by types plot...
    saved to /home/emos8710/durian-analysis/analyses/12_quast_corrected_DNA_uncorr_ref/contigs_reports/misassemblies_plot.pdf
  Drawing misassemblies FRCurve plot...
    saved to /home/emos8710/durian-analysis/analyses/12_quast_corrected_DNA_uncorr_ref/contigs_reports/misassemblies_frcurve_plot.pdf
Done.

2018-05-04 15:18:45
Running NA-NGA calculation...
  corrected_DNA, Largest alignment = 2322168, NA50 = 407732, NGA50 = 407732, LA50 = 23, LGA50 = 23
  Drawing cumulative plot...
    saved to /home/emos8710/durian-analysis/analyses/12_quast_corrected_DNA_uncorr_ref/aligned_stats/cumulative_plot.pdf
  Drawing NAx plot...
    saved to /home/emos8710/durian-analysis/analyses/12_quast_corrected_DNA_uncorr_ref/aligned_stats/NAx_plot.pdf
  Drawing NGAx plot...
    saved to /home/emos8710/durian-analysis/analyses/12_quast_corrected_DNA_uncorr_ref/aligned_stats/NGAx_plot.pdf
Done.

2018-05-04 15:18:48
Running Genome analyzer...
  NOTICE: No file with genes provided. Use the -G option if you want to specify it.
  NOTICE: No file with operons provided. Use the -O option if you want to specify it.
  corrected_DNA
  Analysis is finished.
  Skipping drawing Genome fraction, % histogram... (less than 2 columns histogram makes no sense)
Done.

NOTICE: Genes are not predicted by default. Use --gene-finding option to enable it.

2018-05-04 15:19:03
Creating large visual summaries...
This may take a while: press Ctrl-C to skip this step..
  1 of 2: Creating Icarus viewers...
  2 of 2: Creating PDF with all tables and plots...
Done

2018-05-04 15:19:07
RESULTS:
  Text versions of total report are saved to /home/emos8710/durian-analysis/analyses/12_quast_corrected_DNA_uncorr_ref/report.txt, report.tsv, and report.tex
  Text versions of transposed total report are saved to /home/emos8710/durian-analysis/analyses/12_quast_corrected_DNA_uncorr_ref/transposed_report.txt, transposed_report.tsv, and transposed_report.tex
  HTML version (interactive tables and plots) saved to /home/emos8710/durian-analysis/analyses/12_quast_corrected_DNA_uncorr_ref/report.html
  PDF version (tables and plots) is saved to /home/emos8710/durian-analysis/analyses/12_quast_corrected_DNA_uncorr_ref/report.pdf
  Icarus (contig browser) is saved to /home/emos8710/durian-analysis/analyses/12_quast_corrected_DNA_uncorr_ref/icarus.html
  Log saved to /home/emos8710/durian-analysis/analyses/12_quast_corrected_DNA_uncorr_ref/quast.log

Finished: 2018-05-04 15:19:07
Elapsed time: 0:09:07.301950
NOTICEs: 5; WARNINGs: 1; non-fatal ERRORs: 0

Thank you for using QUAST!
